Copyright 1986-2022 Xilinx, Inc. All Rights Reserved.
-----------------------------------------------------------------------------------------------
| Tool Version : Vivado v.2022.1.2 (win64) Build 3605665 Fri Aug  5 22:53:37 MDT 2022
| Date         : Thu Nov 10 17:08:00 2022
| Host         : DESKTOP-UK1IBPM running 64-bit major release  (build 9200)
| Command      : report_control_sets -verbose -file SistemaComplessivo_control_sets_placed.rpt
| Design       : SistemaComplessivo
| Device       : xc7a100t
-----------------------------------------------------------------------------------------------

Control Set Information

Table of Contents
-----------------
1. Summary
2. Histogram
3. Flip-Flop Distribution
4. Detailed Control Set Information

1. Summary
----------

+----------------------------------------------------------+-------+
|                          Status                          | Count |
+----------------------------------------------------------+-------+
| Total control sets                                       |     5 |
|    Minimum number of control sets                        |     5 |
|    Addition due to synthesis replication                 |     0 |
|    Addition due to physical synthesis replication        |     0 |
| Unused register locations in slices containing registers |    15 |
+----------------------------------------------------------+-------+
* Control sets can be merged at opt_design using control_set_merge or merge_equivalent_drivers
** Run report_qor_suggestions for automated merging and remapping suggestions


2. Histogram
------------

+--------------------+-------+
|       Fanout       | Count |
+--------------------+-------+
| Total control sets |     5 |
| >= 0 to < 4        |     1 |
| >= 4 to < 6        |     1 |
| >= 6 to < 8        |     1 |
| >= 8 to < 10       |     0 |
| >= 10 to < 12      |     0 |
| >= 12 to < 14      |     0 |
| >= 14 to < 16      |     0 |
| >= 16              |     2 |
+--------------------+-------+
* Control sets can be remapped at either synth_design or opt_design


3. Flip-Flop Distribution
-------------------------

+--------------+-----------------------+------------------------+-----------------+--------------+
| Clock Enable | Synchronous Set/Reset | Asynchronous Set/Reset | Total Registers | Total Slices |
+--------------+-----------------------+------------------------+-----------------+--------------+
| No           | No                    | No                     |               6 |            5 |
| No           | No                    | Yes                    |               0 |            0 |
| No           | Yes                   | No                     |               0 |            0 |
| Yes          | No                    | No                     |               5 |            2 |
| Yes          | No                    | Yes                    |               0 |            0 |
| Yes          | Yes                   | No                     |              62 |           16 |
+--------------+-----------------------+------------------------+-----------------+--------------+


4. Detailed Control Set Information
-----------------------------------

+----------------+-------------------------------------+----------------------------------------+------------------+----------------+--------------+
|  Clock Signal  |            Enable Signal            |            Set/Reset Signal            | Slice Load Count | Bel Load Count | Bels / Slice |
+----------------+-------------------------------------+----------------------------------------+------------------+----------------+--------------+
|  Clk_IBUF_BUFG | IngressoClear/Btn_Ingresso_cl       |                                        |                1 |              1 |         1.00 |
|  Clk_IBUF_BUFG | IngressoClear/E[0]                  |                                        |                1 |              4 |         4.00 |
|  Clk_IBUF_BUFG |                                     |                                        |                5 |              6 |         1.20 |
|  Clk_IBUF_BUFG | IngressoClear/deb.count[31]_i_2_n_0 | IngressoClear/deb.count[31]_i_1__0_n_0 |                8 |             31 |         3.88 |
|  Clk_IBUF_BUFG | ModoClear/deb.count[31]_i_2__0_n_0  | ModoClear/deb.count[31]_i_1_n_0        |                8 |             31 |         3.88 |
+----------------+-------------------------------------+----------------------------------------+------------------+----------------+--------------+


