
*** Running vivado
    with args -log Robertson_Board.vds -m64 -product Vivado -mode batch -messageDb vivado.pb -notrace -source Robertson_Board.tcl



****** Vivado v2022.1 (64-bit)
  **** SW Build 3526262 on Mon Apr 18 15:48:16 MDT 2022
  **** IP Build 3524634 on Mon Apr 18 20:55:01 MDT 2022
    ** Copyright 1986-2022 Xilinx, Inc. All Rights Reserved.

source Robertson_Board.tcl -notrace
create_project: Time (s): cpu = 00:00:03 ; elapsed = 00:00:06 . Memory (MB): peak = 1279.555 ; gain = 8.426
Command: read_checkpoint -auto_incremental -incremental C:/Users/HUAWEI/Desktop/progetti_tesina_asdi/Progetto11_macchine_aritmetiche/Robertson_Board/Robertson/Robertson_Boartd.srcs/utils_1/imports/synth_1/Robertson_Board.dcp
INFO: [Vivado 12-5825] Read reference checkpoint from C:/Users/HUAWEI/Desktop/progetti_tesina_asdi/Progetto11_macchine_aritmetiche/Robertson_Board/Robertson/Robertson_Boartd.srcs/utils_1/imports/synth_1/Robertson_Board.dcp for incremental synthesis
INFO: [Vivado 12-7989] Please ensure there are no constraint changes
Command: synth_design -top Robertson_Board -part xc7a100tcsg324-1
Starting synth_design
Attempting to get a license for feature 'Synthesis' and/or device 'xc7a100t'
INFO: [Common 17-349] Got license for feature 'Synthesis' and/or device 'xc7a100t'
INFO: [Device 21-403] Loading part xc7a100tcsg324-1
INFO: [Designutils 20-5440] No compile time benefit to using incremental synthesis; A full resynthesis will be run
INFO: [Designutils 20-4379] Flow is switching to default flow due to incremental criteria not met. If you would like to alter this behaviour and have the flow terminate instead, please set the following parameter config_implementation {autoIncr.Synth.RejectBehavior Terminate}
INFO: [Synth 8-7079] Multithreading enabled for synth_design using a maximum of 2 processes.
INFO: [Synth 8-7078] Launching helper process for spawning children vivado processes
INFO: [Synth 8-7075] Helper process launched with PID 7892
---------------------------------------------------------------------------------
Starting RTL Elaboration : Time (s): cpu = 00:00:06 ; elapsed = 00:00:10 . Memory (MB): peak = 1279.555 ; gain = 0.000
---------------------------------------------------------------------------------
WARNING: [Synth 8-2551] possible infinite loop; process does not have a wait statement [C:/Users/HUAWEI/Desktop/progetti_tesina_asdi/Progetto11_macchine_aritmetiche/Robertson_Board/componenti/cathodes_manager.vhd:89]
INFO: [Synth 8-638] synthesizing module 'Robertson_Board' [C:/Users/HUAWEI/Desktop/progetti_tesina_asdi/Progetto11_macchine_aritmetiche/Robertson_Board/Robertson/Robertson_Boartd.srcs/sources_1/new/Robertson_Board.vhd:44]
	Parameter CLK_period bound to: 10 - type: integer 
	Parameter btn_noise_time bound to: 100000000 - type: integer 
INFO: [Synth 8-3491] module 'ButtonDebouncer' declared at 'C:/Users/HUAWEI/Desktop/progetti_tesina_asdi/Progetto11_macchine_aritmetiche/Robertson_Board/componenti/ButtonDebouncer.vhd:14' bound to instance 'Pul_start' of component 'ButtonDebouncer' [C:/Users/HUAWEI/Desktop/progetti_tesina_asdi/Progetto11_macchine_aritmetiche/Robertson_Board/Robertson/Robertson_Boartd.srcs/sources_1/new/Robertson_Board.vhd:89]
INFO: [Synth 8-638] synthesizing module 'ButtonDebouncer' [C:/Users/HUAWEI/Desktop/progetti_tesina_asdi/Progetto11_macchine_aritmetiche/Robertson_Board/componenti/ButtonDebouncer.vhd:25]
	Parameter CLK_period bound to: 10 - type: integer 
	Parameter btn_noise_time bound to: 100000000 - type: integer 
INFO: [Synth 8-226] default block is never used [C:/Users/HUAWEI/Desktop/progetti_tesina_asdi/Progetto11_macchine_aritmetiche/Robertson_Board/componenti/ButtonDebouncer.vhd:56]
INFO: [Synth 8-256] done synthesizing module 'ButtonDebouncer' (0#1) [C:/Users/HUAWEI/Desktop/progetti_tesina_asdi/Progetto11_macchine_aritmetiche/Robertson_Board/componenti/ButtonDebouncer.vhd:25]
INFO: [Synth 8-3491] module 'Rete_Complessiva' declared at 'C:/Users/HUAWEI/Desktop/progetti_tesina_asdi/Progetto11_macchine_aritmetiche/Robertson_Board/componenti/Rete_Complessiva.vhd:5' bound to instance 'Macchina_di_Robertson' of component 'Rete_Complessiva' [C:/Users/HUAWEI/Desktop/progetti_tesina_asdi/Progetto11_macchine_aritmetiche/Robertson_Board/Robertson/Robertson_Boartd.srcs/sources_1/new/Robertson_Board.vhd:104]
INFO: [Synth 8-638] synthesizing module 'Rete_Complessiva' [C:/Users/HUAWEI/Desktop/progetti_tesina_asdi/Progetto11_macchine_aritmetiche/Robertson_Board/componenti/Rete_Complessiva.vhd:15]
	Parameter N bound to: 8 - type: integer 
INFO: [Synth 8-3491] module 'Registro' declared at 'C:/Users/HUAWEI/Desktop/progetti_tesina_asdi/Progetto11_macchine_aritmetiche/Robertson_Board/componenti/Registro.vhd:5' bound to instance 'R' of component 'Registro' [C:/Users/HUAWEI/Desktop/progetti_tesina_asdi/Progetto11_macchine_aritmetiche/Robertson_Board/componenti/Rete_Complessiva.vhd:109]
INFO: [Synth 8-638] synthesizing module 'Registro' [C:/Users/HUAWEI/Desktop/progetti_tesina_asdi/Progetto11_macchine_aritmetiche/Robertson_Board/componenti/Registro.vhd:14]
	Parameter N bound to: 8 - type: integer 
INFO: [Synth 8-256] done synthesizing module 'Registro' (0#1) [C:/Users/HUAWEI/Desktop/progetti_tesina_asdi/Progetto11_macchine_aritmetiche/Robertson_Board/componenti/Registro.vhd:14]
	Parameter N bound to: 8 - type: integer 
INFO: [Synth 8-3491] module 'Mux_2_1' declared at 'C:/Users/HUAWEI/Desktop/progetti_tesina_asdi/Progetto11_macchine_aritmetiche/Robertson_Board/componenti/Mux_2_1.vhd:5' bound to instance 'MUX' of component 'Mux_2_1' [C:/Users/HUAWEI/Desktop/progetti_tesina_asdi/Progetto11_macchine_aritmetiche/Robertson_Board/componenti/Rete_Complessiva.vhd:118]
INFO: [Synth 8-638] synthesizing module 'Mux_2_1' [C:/Users/HUAWEI/Desktop/progetti_tesina_asdi/Progetto11_macchine_aritmetiche/Robertson_Board/componenti/Mux_2_1.vhd:14]
	Parameter N bound to: 8 - type: integer 
INFO: [Synth 8-256] done synthesizing module 'Mux_2_1' (0#1) [C:/Users/HUAWEI/Desktop/progetti_tesina_asdi/Progetto11_macchine_aritmetiche/Robertson_Board/componenti/Mux_2_1.vhd:14]
INFO: [Synth 8-3491] module 'FlipFlopD' declared at 'C:/Users/HUAWEI/Desktop/progetti_tesina_asdi/Progetto11_macchine_aritmetiche/Robertson_Board/componenti/FlipFlopD.vhd:4' bound to instance 'FF' of component 'FlipFlopD' [C:/Users/HUAWEI/Desktop/progetti_tesina_asdi/Progetto11_macchine_aritmetiche/Robertson_Board/componenti/Rete_Complessiva.vhd:129]
INFO: [Synth 8-638] synthesizing module 'FlipFlopD' [C:/Users/HUAWEI/Desktop/progetti_tesina_asdi/Progetto11_macchine_aritmetiche/Robertson_Board/componenti/FlipFlopD.vhd:11]
INFO: [Synth 8-256] done synthesizing module 'FlipFlopD' (0#1) [C:/Users/HUAWEI/Desktop/progetti_tesina_asdi/Progetto11_macchine_aritmetiche/Robertson_Board/componenti/FlipFlopD.vhd:11]
	Parameter N bound to: 8 - type: integer 
INFO: [Synth 8-3491] module 'SubAdd' declared at 'C:/Users/HUAWEI/Desktop/progetti_tesina_asdi/Progetto11_macchine_aritmetiche/Robertson_Board/componenti/SubAdd.vhd:3' bound to instance 'RP' of component 'SubAdd' [C:/Users/HUAWEI/Desktop/progetti_tesina_asdi/Progetto11_macchine_aritmetiche/Robertson_Board/componenti/Rete_Complessiva.vhd:138]
INFO: [Synth 8-638] synthesizing module 'SubAdd' [C:/Users/HUAWEI/Desktop/progetti_tesina_asdi/Progetto11_macchine_aritmetiche/Robertson_Board/componenti/SubAdd.vhd:15]
	Parameter N bound to: 8 - type: integer 
INFO: [Synth 8-3491] module 'RippleCarryAdd' declared at 'C:/Users/HUAWEI/Desktop/progetti_tesina_asdi/Progetto11_macchine_aritmetiche/Robertson_Board/componenti/RippleCarryAdd.vhd:3' bound to instance 'RCA' of component 'RippleCarryAdd' [C:/Users/HUAWEI/Desktop/progetti_tesina_asdi/Progetto11_macchine_aritmetiche/Robertson_Board/componenti/SubAdd.vhd:34]
INFO: [Synth 8-638] synthesizing module 'RippleCarryAdd' [C:/Users/HUAWEI/Desktop/progetti_tesina_asdi/Progetto11_macchine_aritmetiche/Robertson_Board/componenti/RippleCarryAdd.vhd:16]
	Parameter N bound to: 8 - type: integer 
INFO: [Synth 8-3491] module 'FullAdder' declared at 'C:/Users/HUAWEI/Desktop/progetti_tesina_asdi/Progetto11_macchine_aritmetiche/Robertson_Board/componenti/FullAdder.vhd:3' bound to instance 'FA_0' of component 'FullAdder' [C:/Users/HUAWEI/Desktop/progetti_tesina_asdi/Progetto11_macchine_aritmetiche/Robertson_Board/componenti/RippleCarryAdd.vhd:29]
INFO: [Synth 8-638] synthesizing module 'FullAdder' [C:/Users/HUAWEI/Desktop/progetti_tesina_asdi/Progetto11_macchine_aritmetiche/Robertson_Board/componenti/FullAdder.vhd:10]
INFO: [Synth 8-256] done synthesizing module 'FullAdder' (0#1) [C:/Users/HUAWEI/Desktop/progetti_tesina_asdi/Progetto11_macchine_aritmetiche/Robertson_Board/componenti/FullAdder.vhd:10]
INFO: [Synth 8-3491] module 'FullAdder' declared at 'C:/Users/HUAWEI/Desktop/progetti_tesina_asdi/Progetto11_macchine_aritmetiche/Robertson_Board/componenti/FullAdder.vhd:3' bound to instance 'FA_N_1' of component 'FullAdder' [C:/Users/HUAWEI/Desktop/progetti_tesina_asdi/Progetto11_macchine_aritmetiche/Robertson_Board/componenti/RippleCarryAdd.vhd:41]
INFO: [Synth 8-3491] module 'FullAdder' declared at 'C:/Users/HUAWEI/Desktop/progetti_tesina_asdi/Progetto11_macchine_aritmetiche/Robertson_Board/componenti/FullAdder.vhd:3' bound to instance 'FA_N_1' of component 'FullAdder' [C:/Users/HUAWEI/Desktop/progetti_tesina_asdi/Progetto11_macchine_aritmetiche/Robertson_Board/componenti/RippleCarryAdd.vhd:41]
INFO: [Synth 8-3491] module 'FullAdder' declared at 'C:/Users/HUAWEI/Desktop/progetti_tesina_asdi/Progetto11_macchine_aritmetiche/Robertson_Board/componenti/FullAdder.vhd:3' bound to instance 'FA_N_1' of component 'FullAdder' [C:/Users/HUAWEI/Desktop/progetti_tesina_asdi/Progetto11_macchine_aritmetiche/Robertson_Board/componenti/RippleCarryAdd.vhd:41]
INFO: [Synth 8-3491] module 'FullAdder' declared at 'C:/Users/HUAWEI/Desktop/progetti_tesina_asdi/Progetto11_macchine_aritmetiche/Robertson_Board/componenti/FullAdder.vhd:3' bound to instance 'FA_N_1' of component 'FullAdder' [C:/Users/HUAWEI/Desktop/progetti_tesina_asdi/Progetto11_macchine_aritmetiche/Robertson_Board/componenti/RippleCarryAdd.vhd:41]
INFO: [Synth 8-3491] module 'FullAdder' declared at 'C:/Users/HUAWEI/Desktop/progetti_tesina_asdi/Progetto11_macchine_aritmetiche/Robertson_Board/componenti/FullAdder.vhd:3' bound to instance 'FA_N_1' of component 'FullAdder' [C:/Users/HUAWEI/Desktop/progetti_tesina_asdi/Progetto11_macchine_aritmetiche/Robertson_Board/componenti/RippleCarryAdd.vhd:41]
INFO: [Synth 8-3491] module 'FullAdder' declared at 'C:/Users/HUAWEI/Desktop/progetti_tesina_asdi/Progetto11_macchine_aritmetiche/Robertson_Board/componenti/FullAdder.vhd:3' bound to instance 'FA_N_1' of component 'FullAdder' [C:/Users/HUAWEI/Desktop/progetti_tesina_asdi/Progetto11_macchine_aritmetiche/Robertson_Board/componenti/RippleCarryAdd.vhd:41]
INFO: [Synth 8-3491] module 'FullAdder' declared at 'C:/Users/HUAWEI/Desktop/progetti_tesina_asdi/Progetto11_macchine_aritmetiche/Robertson_Board/componenti/FullAdder.vhd:3' bound to instance 'FA_N' of component 'FullAdder' [C:/Users/HUAWEI/Desktop/progetti_tesina_asdi/Progetto11_macchine_aritmetiche/Robertson_Board/componenti/RippleCarryAdd.vhd:53]
INFO: [Synth 8-256] done synthesizing module 'RippleCarryAdd' (0#1) [C:/Users/HUAWEI/Desktop/progetti_tesina_asdi/Progetto11_macchine_aritmetiche/Robertson_Board/componenti/RippleCarryAdd.vhd:16]
INFO: [Synth 8-256] done synthesizing module 'SubAdd' (0#1) [C:/Users/HUAWEI/Desktop/progetti_tesina_asdi/Progetto11_macchine_aritmetiche/Robertson_Board/componenti/SubAdd.vhd:15]
	Parameter N bound to: 8 - type: integer 
INFO: [Synth 8-3491] module 'ShiftRegister' declared at 'C:/Users/HUAWEI/Desktop/progetti_tesina_asdi/Progetto11_macchine_aritmetiche/Robertson_Board/componenti/ShiftRegister.vhd:4' bound to instance 'SR' of component 'ShiftRegister' [C:/Users/HUAWEI/Desktop/progetti_tesina_asdi/Progetto11_macchine_aritmetiche/Robertson_Board/componenti/Rete_Complessiva.vhd:148]
INFO: [Synth 8-638] synthesizing module 'ShiftRegister' [C:/Users/HUAWEI/Desktop/progetti_tesina_asdi/Progetto11_macchine_aritmetiche/Robertson_Board/componenti/ShiftRegister.vhd:18]
	Parameter N bound to: 8 - type: integer 
INFO: [Synth 8-256] done synthesizing module 'ShiftRegister' (0#1) [C:/Users/HUAWEI/Desktop/progetti_tesina_asdi/Progetto11_macchine_aritmetiche/Robertson_Board/componenti/ShiftRegister.vhd:18]
INFO: [Synth 8-3491] module 'ContModN' declared at 'C:/Users/HUAWEI/Desktop/progetti_tesina_asdi/Progetto11_macchine_aritmetiche/Robertson_Board/componenti/ContModN.vhd:5' bound to instance 'C' of component 'ContModN' [C:/Users/HUAWEI/Desktop/progetti_tesina_asdi/Progetto11_macchine_aritmetiche/Robertson_Board/componenti/Rete_Complessiva.vhd:165]
INFO: [Synth 8-638] synthesizing module 'ContModN' [C:/Users/HUAWEI/Desktop/progetti_tesina_asdi/Progetto11_macchine_aritmetiche/Robertson_Board/componenti/ContModN.vhd:16]
	Parameter N bound to: 4 - type: integer 
INFO: [Synth 8-256] done synthesizing module 'ContModN' (0#1) [C:/Users/HUAWEI/Desktop/progetti_tesina_asdi/Progetto11_macchine_aritmetiche/Robertson_Board/componenti/ContModN.vhd:16]
INFO: [Synth 8-3491] module 'Control_Unit' declared at 'C:/Users/HUAWEI/Desktop/progetti_tesina_asdi/Progetto11_macchine_aritmetiche/Robertson_Board/componenti/Control_Unit.vhd:4' bound to instance 'UC' of component 'Control_Unit' [C:/Users/HUAWEI/Desktop/progetti_tesina_asdi/Progetto11_macchine_aritmetiche/Robertson_Board/componenti/Rete_Complessiva.vhd:173]
INFO: [Synth 8-638] synthesizing module 'Control_Unit' [C:/Users/HUAWEI/Desktop/progetti_tesina_asdi/Progetto11_macchine_aritmetiche/Robertson_Board/componenti/Control_Unit.vhd:24]
INFO: [Synth 8-256] done synthesizing module 'Control_Unit' (0#1) [C:/Users/HUAWEI/Desktop/progetti_tesina_asdi/Progetto11_macchine_aritmetiche/Robertson_Board/componenti/Control_Unit.vhd:24]
INFO: [Synth 8-256] done synthesizing module 'Rete_Complessiva' (0#1) [C:/Users/HUAWEI/Desktop/progetti_tesina_asdi/Progetto11_macchine_aritmetiche/Robertson_Board/componenti/Rete_Complessiva.vhd:15]
	Parameter clock_frequency_in bound to: 100000000 - type: integer 
	Parameter clock_frequency_out bound to: 500 - type: integer 
INFO: [Synth 8-3491] module 'display_seven_segments' declared at 'C:/Users/HUAWEI/Desktop/progetti_tesina_asdi/Progetto11_macchine_aritmetiche/Robertson_Board/componenti/display_seven_segments.vhd:32' bound to instance 'Display' of component 'display_seven_segments' [C:/Users/HUAWEI/Desktop/progetti_tesina_asdi/Progetto11_macchine_aritmetiche/Robertson_Board/Robertson/Robertson_Boartd.srcs/sources_1/new/Robertson_Board.vhd:118]
INFO: [Synth 8-638] synthesizing module 'display_seven_segments' [C:/Users/HUAWEI/Desktop/progetti_tesina_asdi/Progetto11_macchine_aritmetiche/Robertson_Board/componenti/display_seven_segments.vhd:46]
	Parameter clock_frequency_in bound to: 100000000 - type: integer 
	Parameter clock_frequency_out bound to: 500 - type: integer 
	Parameter clock_frequency_in bound to: 100000000 - type: integer 
	Parameter clock_frequency_out bound to: 500 - type: integer 
INFO: [Synth 8-3491] module 'clock_divider' declared at 'C:/Users/HUAWEI/Desktop/progetti_tesina_asdi/Progetto11_macchine_aritmetiche/Robertson_Board/componenti/clock_divider.vhd:12' bound to instance 'clk_divider_instance' of component 'clock_divider' [C:/Users/HUAWEI/Desktop/progetti_tesina_asdi/Progetto11_macchine_aritmetiche/Robertson_Board/componenti/display_seven_segments.vhd:107]
INFO: [Synth 8-638] synthesizing module 'clock_divider' [C:/Users/HUAWEI/Desktop/progetti_tesina_asdi/Progetto11_macchine_aritmetiche/Robertson_Board/componenti/clock_divider.vhd:22]
	Parameter clock_frequency_in bound to: 100000000 - type: integer 
	Parameter clock_frequency_out bound to: 500 - type: integer 
INFO: [Synth 8-256] done synthesizing module 'clock_divider' (0#1) [C:/Users/HUAWEI/Desktop/progetti_tesina_asdi/Progetto11_macchine_aritmetiche/Robertson_Board/componenti/clock_divider.vhd:22]
INFO: [Synth 8-3491] module 'counter_mod8' declared at 'C:/Users/HUAWEI/Desktop/progetti_tesina_asdi/Progetto11_macchine_aritmetiche/Robertson_Board/componenti/counter_mod8.vhd:32' bound to instance 'counter_instance' of component 'counter_mod8' [C:/Users/HUAWEI/Desktop/progetti_tesina_asdi/Progetto11_macchine_aritmetiche/Robertson_Board/componenti/display_seven_segments.vhd:117]
INFO: [Synth 8-638] synthesizing module 'counter_mod8' [C:/Users/HUAWEI/Desktop/progetti_tesina_asdi/Progetto11_macchine_aritmetiche/Robertson_Board/componenti/counter_mod8.vhd:39]
INFO: [Synth 8-256] done synthesizing module 'counter_mod8' (0#1) [C:/Users/HUAWEI/Desktop/progetti_tesina_asdi/Progetto11_macchine_aritmetiche/Robertson_Board/componenti/counter_mod8.vhd:39]
INFO: [Synth 8-3491] module 'cathodes_input_manager' declared at 'C:/Users/HUAWEI/Desktop/progetti_tesina_asdi/Progetto11_macchine_aritmetiche/Robertson_Board/componenti/cathodes_input_manager.vhd:11' bound to instance 'cathodes_input_man_instance' of component 'cathodes_input_manager' [C:/Users/HUAWEI/Desktop/progetti_tesina_asdi/Progetto11_macchine_aritmetiche/Robertson_Board/componenti/display_seven_segments.vhd:124]
INFO: [Synth 8-638] synthesizing module 'cathodes_input_manager' [C:/Users/HUAWEI/Desktop/progetti_tesina_asdi/Progetto11_macchine_aritmetiche/Robertson_Board/componenti/cathodes_input_manager.vhd:21]
INFO: [Synth 8-226] default block is never used [C:/Users/HUAWEI/Desktop/progetti_tesina_asdi/Progetto11_macchine_aritmetiche/Robertson_Board/componenti/cathodes_input_manager.vhd:25]
INFO: [Synth 8-226] default block is never used [C:/Users/HUAWEI/Desktop/progetti_tesina_asdi/Progetto11_macchine_aritmetiche/Robertson_Board/componenti/cathodes_input_manager.vhd:36]
INFO: [Synth 8-256] done synthesizing module 'cathodes_input_manager' (0#1) [C:/Users/HUAWEI/Desktop/progetti_tesina_asdi/Progetto11_macchine_aritmetiche/Robertson_Board/componenti/cathodes_input_manager.vhd:21]
INFO: [Synth 8-3491] module 'cathodes_manager' declared at 'C:/Users/HUAWEI/Desktop/progetti_tesina_asdi/Progetto11_macchine_aritmetiche/Robertson_Board/componenti/cathodes_manager.vhd:32' bound to instance 'cathodes_instance' of component 'cathodes_manager' [C:/Users/HUAWEI/Desktop/progetti_tesina_asdi/Progetto11_macchine_aritmetiche/Robertson_Board/componenti/display_seven_segments.vhd:133]
INFO: [Synth 8-638] synthesizing module 'cathodes_manager' [C:/Users/HUAWEI/Desktop/progetti_tesina_asdi/Progetto11_macchine_aritmetiche/Robertson_Board/componenti/cathodes_manager.vhd:38]
INFO: [Synth 8-226] default block is never used [C:/Users/HUAWEI/Desktop/progetti_tesina_asdi/Progetto11_macchine_aritmetiche/Robertson_Board/componenti/cathodes_manager.vhd:70]
INFO: [Synth 8-256] done synthesizing module 'cathodes_manager' (0#1) [C:/Users/HUAWEI/Desktop/progetti_tesina_asdi/Progetto11_macchine_aritmetiche/Robertson_Board/componenti/cathodes_manager.vhd:38]
INFO: [Synth 8-3491] module 'anodes_manager' declared at 'C:/Users/HUAWEI/Desktop/progetti_tesina_asdi/Progetto11_macchine_aritmetiche/Robertson_Board/componenti/anodes_manager.vhd:32' bound to instance 'anodes_instance' of component 'anodes_manager' [C:/Users/HUAWEI/Desktop/progetti_tesina_asdi/Progetto11_macchine_aritmetiche/Robertson_Board/componenti/display_seven_segments.vhd:139]
INFO: [Synth 8-638] synthesizing module 'anodes_manager' [C:/Users/HUAWEI/Desktop/progetti_tesina_asdi/Progetto11_macchine_aritmetiche/Robertson_Board/componenti/anodes_manager.vhd:39]
INFO: [Synth 8-226] default block is never used [C:/Users/HUAWEI/Desktop/progetti_tesina_asdi/Progetto11_macchine_aritmetiche/Robertson_Board/componenti/anodes_manager.vhd:50]
INFO: [Synth 8-256] done synthesizing module 'anodes_manager' (0#1) [C:/Users/HUAWEI/Desktop/progetti_tesina_asdi/Progetto11_macchine_aritmetiche/Robertson_Board/componenti/anodes_manager.vhd:39]
INFO: [Synth 8-256] done synthesizing module 'display_seven_segments' (0#1) [C:/Users/HUAWEI/Desktop/progetti_tesina_asdi/Progetto11_macchine_aritmetiche/Robertson_Board/componenti/display_seven_segments.vhd:46]
INFO: [Synth 8-256] done synthesizing module 'Robertson_Board' (0#1) [C:/Users/HUAWEI/Desktop/progetti_tesina_asdi/Progetto11_macchine_aritmetiche/Robertson_Board/Robertson/Robertson_Boartd.srcs/sources_1/new/Robertson_Board.vhd:44]
---------------------------------------------------------------------------------
Finished RTL Elaboration : Time (s): cpu = 00:00:08 ; elapsed = 00:00:13 . Memory (MB): peak = 1279.555 ; gain = 0.000
---------------------------------------------------------------------------------
---------------------------------------------------------------------------------
Start Handling Custom Attributes
---------------------------------------------------------------------------------
---------------------------------------------------------------------------------
Finished Handling Custom Attributes : Time (s): cpu = 00:00:08 ; elapsed = 00:00:13 . Memory (MB): peak = 1279.555 ; gain = 0.000
---------------------------------------------------------------------------------
---------------------------------------------------------------------------------
Finished RTL Optimization Phase 1 : Time (s): cpu = 00:00:08 ; elapsed = 00:00:13 . Memory (MB): peak = 1279.555 ; gain = 0.000
---------------------------------------------------------------------------------
Netlist sorting complete. Time (s): cpu = 00:00:00 ; elapsed = 00:00:00.010 . Memory (MB): peak = 1279.555 ; gain = 0.000
INFO: [Project 1-570] Preparing netlist for logic optimization

Processing XDC Constraints
Initializing timing engine
Parsing XDC File [C:/Users/HUAWEI/Desktop/progetti_tesina_asdi/Progetto11_macchine_aritmetiche/Robertson_Board/componenti/Nexys-A7-100T-Master.xdc]
Finished Parsing XDC File [C:/Users/HUAWEI/Desktop/progetti_tesina_asdi/Progetto11_macchine_aritmetiche/Robertson_Board/componenti/Nexys-A7-100T-Master.xdc]
INFO: [Project 1-236] Implementation specific constraints were found while reading constraint file [C:/Users/HUAWEI/Desktop/progetti_tesina_asdi/Progetto11_macchine_aritmetiche/Robertson_Board/componenti/Nexys-A7-100T-Master.xdc]. These constraints will be ignored for synthesis but will be used in implementation. Impacted constraints are listed in the file [.Xil/Robertson_Board_propImpl.xdc].
Resolution: To avoid this warning, move constraints listed in [.Xil/Robertson_Board_propImpl.xdc] to another XDC file and exclude this new file from synthesis with the used_in_synthesis property (File Properties dialog in GUI) and re-run elaboration/synthesis.
Completed Processing XDC Constraints

Netlist sorting complete. Time (s): cpu = 00:00:00 ; elapsed = 00:00:00 . Memory (MB): peak = 1306.922 ; gain = 0.000
INFO: [Project 1-111] Unisim Transformation Summary:
No Unisim elements were transformed.

Constraint Validation Runtime : Time (s): cpu = 00:00:00 ; elapsed = 00:00:00.005 . Memory (MB): peak = 1306.922 ; gain = 0.000
INFO: [Designutils 20-5440] No compile time benefit to using incremental synthesis; A full resynthesis will be run
INFO: [Designutils 20-4379] Flow is switching to default flow due to incremental criteria not met. If you would like to alter this behaviour and have the flow terminate instead, please set the following parameter config_implementation {autoIncr.Synth.RejectBehavior Terminate}
---------------------------------------------------------------------------------
Finished Constraint Validation : Time (s): cpu = 00:00:14 ; elapsed = 00:00:25 . Memory (MB): peak = 1306.922 ; gain = 27.367
---------------------------------------------------------------------------------
---------------------------------------------------------------------------------
Start Loading Part and Timing Information
---------------------------------------------------------------------------------
Loading part: xc7a100tcsg324-1
---------------------------------------------------------------------------------
Finished Loading Part and Timing Information : Time (s): cpu = 00:00:14 ; elapsed = 00:00:25 . Memory (MB): peak = 1306.922 ; gain = 27.367
---------------------------------------------------------------------------------
---------------------------------------------------------------------------------
Start Applying 'set_property' XDC Constraints
---------------------------------------------------------------------------------
---------------------------------------------------------------------------------
Finished applying 'set_property' XDC Constraints : Time (s): cpu = 00:00:14 ; elapsed = 00:00:25 . Memory (MB): peak = 1306.922 ; gain = 27.367
---------------------------------------------------------------------------------
INFO: [Synth 8-802] inferred FSM for state register 'BTN_state_reg' in module 'ButtonDebouncer'
INFO: [Synth 8-802] inferred FSM for state register 'current_reg' in module 'Control_Unit'
---------------------------------------------------------------------------------------------------
                   State |                     New Encoding |                Previous Encoding 
---------------------------------------------------------------------------------------------------
                released |                               00 |                               00
            pressed_vrfy |                               01 |                               01
          pressed_cnfrmd |                               10 |                               10
           released_vrfy |                               11 |                               11
---------------------------------------------------------------------------------------------------
INFO: [Synth 8-3354] encoded FSM with state register 'BTN_state_reg' using encoding 'sequential' in module 'ButtonDebouncer'
---------------------------------------------------------------------------------------------------
                   State |                     New Encoding |                Previous Encoding 
---------------------------------------------------------------------------------------------------
                    idle |                          0000001 |                              000
                    init |                          0000010 |                              001
                   check |                          0000100 |                              010
                subtract |                          0001000 |                              101
             final_shift |                          0010000 |                              110
                     sum |                          0100000 |                              011
                   shift |                          1000000 |                              100
---------------------------------------------------------------------------------------------------
INFO: [Synth 8-3354] encoded FSM with state register 'current_reg' using encoding 'one-hot' in module 'Control_Unit'
WARNING: [Synth 8-327] inferring latch for variable 'count_enable_reg' [C:/Users/HUAWEI/Desktop/progetti_tesina_asdi/Progetto11_macchine_aritmetiche/Robertson_Board/componenti/Control_Unit.vhd:49]
WARNING: [Synth 8-327] inferring latch for variable 'subt_reg' [C:/Users/HUAWEI/Desktop/progetti_tesina_asdi/Progetto11_macchine_aritmetiche/Robertson_Board/componenti/Control_Unit.vhd:50]
WARNING: [Synth 8-327] inferring latch for variable 'en_mux_reg' [C:/Users/HUAWEI/Desktop/progetti_tesina_asdi/Progetto11_macchine_aritmetiche/Robertson_Board/componenti/Control_Unit.vhd:51]
WARNING: [Synth 8-327] inferring latch for variable 'enable_reg' [C:/Users/HUAWEI/Desktop/progetti_tesina_asdi/Progetto11_macchine_aritmetiche/Robertson_Board/componenti/Control_Unit.vhd:52]
WARNING: [Synth 8-327] inferring latch for variable 'shift_en_reg' [C:/Users/HUAWEI/Desktop/progetti_tesina_asdi/Progetto11_macchine_aritmetiche/Robertson_Board/componenti/Control_Unit.vhd:53]
WARNING: [Synth 8-327] inferring latch for variable 'fshift_en_reg' [C:/Users/HUAWEI/Desktop/progetti_tesina_asdi/Progetto11_macchine_aritmetiche/Robertson_Board/componenti/Control_Unit.vhd:78]
WARNING: [Synth 8-327] inferring latch for variable 'load_add_reg' [C:/Users/HUAWEI/Desktop/progetti_tesina_asdi/Progetto11_macchine_aritmetiche/Robertson_Board/componenti/Control_Unit.vhd:73]
WARNING: [Synth 8-327] inferring latch for variable 'stop_reg' [C:/Users/HUAWEI/Desktop/progetti_tesina_asdi/Progetto11_macchine_aritmetiche/Robertson_Board/componenti/Control_Unit.vhd:55]
---------------------------------------------------------------------------------
Finished RTL Optimization Phase 2 : Time (s): cpu = 00:00:15 ; elapsed = 00:00:26 . Memory (MB): peak = 1306.922 ; gain = 27.367
---------------------------------------------------------------------------------
---------------------------------------------------------------------------------
Start RTL Component Statistics 
---------------------------------------------------------------------------------
Detailed RTL Component Info : 
+---Adders : 
	   2 Input   32 Bit       Adders := 1     
	   2 Input   18 Bit       Adders := 1     
	   2 Input    4 Bit       Adders := 1     
	   2 Input    3 Bit       Adders := 1     
+---XORs : 
	   2 Input      1 Bit         XORs := 24    
+---Registers : 
	               32 Bit    Registers := 1     
	               18 Bit    Registers := 1     
	               16 Bit    Registers := 1     
	                8 Bit    Registers := 1     
	                4 Bit    Registers := 1     
	                3 Bit    Registers := 1     
	                1 Bit    Registers := 3     
+---Muxes : 
	   2 Input   32 Bit        Muxes := 2     
	   4 Input   32 Bit        Muxes := 1     
	   2 Input   18 Bit        Muxes := 1     
	   2 Input   16 Bit        Muxes := 6     
	   2 Input    8 Bit        Muxes := 1     
	   8 Input    8 Bit        Muxes := 1     
	   7 Input    7 Bit        Muxes := 1     
	   2 Input    7 Bit        Muxes := 2     
	   4 Input    2 Bit        Muxes := 1     
	   2 Input    2 Bit        Muxes := 4     
	   4 Input    1 Bit        Muxes := 4     
	   2 Input    1 Bit        Muxes := 3     
	   7 Input    1 Bit        Muxes := 9     
---------------------------------------------------------------------------------
Finished RTL Component Statistics 
---------------------------------------------------------------------------------
---------------------------------------------------------------------------------
Start Part Resource Summary
---------------------------------------------------------------------------------
Part Resources:
DSPs: 240 (col length:80)
BRAMs: 270 (col length: RAMB18 80 RAMB36 40)
---------------------------------------------------------------------------------
Finished Part Resource Summary
---------------------------------------------------------------------------------
---------------------------------------------------------------------------------
Start Cross Boundary and Area Optimization
---------------------------------------------------------------------------------
WARNING: [Synth 8-7080] Parallel synthesis criteria is not met
---------------------------------------------------------------------------------
Finished Cross Boundary and Area Optimization : Time (s): cpu = 00:00:17 ; elapsed = 00:00:32 . Memory (MB): peak = 1306.922 ; gain = 27.367
---------------------------------------------------------------------------------
---------------------------------------------------------------------------------
Start Applying XDC Timing Constraints
---------------------------------------------------------------------------------
---------------------------------------------------------------------------------
Finished Applying XDC Timing Constraints : Time (s): cpu = 00:00:22 ; elapsed = 00:00:41 . Memory (MB): peak = 1306.922 ; gain = 27.367
---------------------------------------------------------------------------------
---------------------------------------------------------------------------------
Start Timing Optimization
---------------------------------------------------------------------------------
---------------------------------------------------------------------------------
Finished Timing Optimization : Time (s): cpu = 00:00:22 ; elapsed = 00:00:42 . Memory (MB): peak = 1313.867 ; gain = 34.312
---------------------------------------------------------------------------------
---------------------------------------------------------------------------------
Start Technology Mapping
---------------------------------------------------------------------------------
---------------------------------------------------------------------------------
Finished Technology Mapping : Time (s): cpu = 00:00:22 ; elapsed = 00:00:42 . Memory (MB): peak = 1326.469 ; gain = 46.914
---------------------------------------------------------------------------------
---------------------------------------------------------------------------------
Start IO Insertion
---------------------------------------------------------------------------------
---------------------------------------------------------------------------------
Start Flattening Before IO Insertion
---------------------------------------------------------------------------------
---------------------------------------------------------------------------------
Finished Flattening Before IO Insertion
---------------------------------------------------------------------------------
---------------------------------------------------------------------------------
Start Final Netlist Cleanup
---------------------------------------------------------------------------------
---------------------------------------------------------------------------------
Finished Final Netlist Cleanup
---------------------------------------------------------------------------------
---------------------------------------------------------------------------------
Finished IO Insertion : Time (s): cpu = 00:00:27 ; elapsed = 00:00:50 . Memory (MB): peak = 1326.469 ; gain = 46.914
---------------------------------------------------------------------------------
---------------------------------------------------------------------------------
Start Renaming Generated Instances
---------------------------------------------------------------------------------
---------------------------------------------------------------------------------
Finished Renaming Generated Instances : Time (s): cpu = 00:00:27 ; elapsed = 00:00:50 . Memory (MB): peak = 1326.469 ; gain = 46.914
---------------------------------------------------------------------------------
---------------------------------------------------------------------------------
Start Rebuilding User Hierarchy
---------------------------------------------------------------------------------
---------------------------------------------------------------------------------
Finished Rebuilding User Hierarchy : Time (s): cpu = 00:00:27 ; elapsed = 00:00:51 . Memory (MB): peak = 1326.469 ; gain = 46.914
---------------------------------------------------------------------------------
---------------------------------------------------------------------------------
Start Renaming Generated Ports
---------------------------------------------------------------------------------
---------------------------------------------------------------------------------
Finished Renaming Generated Ports : Time (s): cpu = 00:00:27 ; elapsed = 00:00:51 . Memory (MB): peak = 1326.469 ; gain = 46.914
---------------------------------------------------------------------------------
---------------------------------------------------------------------------------
Start Handling Custom Attributes
---------------------------------------------------------------------------------
---------------------------------------------------------------------------------
Finished Handling Custom Attributes : Time (s): cpu = 00:00:27 ; elapsed = 00:00:51 . Memory (MB): peak = 1326.469 ; gain = 46.914
---------------------------------------------------------------------------------
---------------------------------------------------------------------------------
Start Renaming Generated Nets
---------------------------------------------------------------------------------
---------------------------------------------------------------------------------
Finished Renaming Generated Nets : Time (s): cpu = 00:00:27 ; elapsed = 00:00:51 . Memory (MB): peak = 1326.469 ; gain = 46.914
---------------------------------------------------------------------------------
---------------------------------------------------------------------------------
Start Writing Synthesis Report
---------------------------------------------------------------------------------

Report BlackBoxes: 
+-+--------------+----------+
| |BlackBox name |Instances |
+-+--------------+----------+
+-+--------------+----------+

Report Cell Usage: 
+------+-------+------+
|      |Cell   |Count |
+------+-------+------+
|1     |BUFG   |     1|
|2     |CARRY4 |    13|
|3     |LUT1   |     2|
|4     |LUT2   |    25|
|5     |LUT3   |    28|
|6     |LUT4   |    38|
|7     |LUT5   |    24|
|8     |LUT6   |    25|
|9     |FDCE   |    25|
|10    |FDRE   |    53|
|11    |FDSE   |    15|
|12    |LD     |     8|
|13    |IBUF   |    19|
|14    |OBUF   |    17|
+------+-------+------+
---------------------------------------------------------------------------------
Finished Writing Synthesis Report : Time (s): cpu = 00:00:27 ; elapsed = 00:00:51 . Memory (MB): peak = 1326.469 ; gain = 46.914
---------------------------------------------------------------------------------
Synthesis finished with 0 errors, 0 critical warnings and 9 warnings.
Synthesis Optimization Runtime : Time (s): cpu = 00:00:18 ; elapsed = 00:00:48 . Memory (MB): peak = 1326.469 ; gain = 19.547
Synthesis Optimization Complete : Time (s): cpu = 00:00:27 ; elapsed = 00:00:51 . Memory (MB): peak = 1326.469 ; gain = 46.914
INFO: [Project 1-571] Translating synthesized netlist
Netlist sorting complete. Time (s): cpu = 00:00:00 ; elapsed = 00:00:00.004 . Memory (MB): peak = 1334.211 ; gain = 0.000
INFO: [Netlist 29-17] Analyzing 21 Unisim elements for replacement
INFO: [Netlist 29-28] Unisim Transformation completed in 0 CPU seconds
INFO: [Project 1-570] Preparing netlist for logic optimization
INFO: [Opt 31-138] Pushed 0 inverter(s) to 0 load pin(s).
Netlist sorting complete. Time (s): cpu = 00:00:00 ; elapsed = 00:00:00 . Memory (MB): peak = 1341.816 ; gain = 0.000
INFO: [Project 1-111] Unisim Transformation Summary:
  A total of 8 instances were transformed.
  LD => LDCE: 8 instances

Synth Design complete, checksum: 863cc21d
INFO: [Common 17-83] Releasing license: Synthesis
90 Infos, 10 Warnings, 0 Critical Warnings and 0 Errors encountered.
synth_design completed successfully
synth_design: Time (s): cpu = 00:00:30 ; elapsed = 00:00:59 . Memory (MB): peak = 1341.816 ; gain = 62.262
INFO: [Common 17-1381] The checkpoint 'C:/Users/HUAWEI/Desktop/progetti_tesina_asdi/Progetto11_macchine_aritmetiche/Robertson_Board/Robertson/Robertson_Boartd.runs/synth_1/Robertson_Board.dcp' has been generated.
INFO: [runtcl-4] Executing : report_utilization -file Robertson_Board_utilization_synth.rpt -pb Robertson_Board_utilization_synth.pb
INFO: [Common 17-206] Exiting Vivado at Fri Dec 30 18:57:12 2022...
